android/app/build/intermediates/manifest_merge_blame_file/debug/manifest-merger-blame-debug-report.txt
1<?xml version="1.0" encoding="utf-8"?>
2<manifest xmlns:android="http://schemas.android.com/apk/res/android"
3    package="com.opay"
4    android:versionCode="1"
5    android:versionName="1.0" >
6
7    <uses-sdk
8        android:minSdkVersion="16"
9        android:targetSdkVersion="29" />
10
11    <uses-permission android:name="android.permission.SYSTEM_ALERT_WINDOW" />
11-->src/debug/AndroidManifest.xml:5:5-77
11-->src/debug/AndroidManifest.xml:5:22-75
12    <uses-permission android:name="android.permission.INTERNET" />
12-->src/main/AndroidManifest.xml:4:5-67
12-->src/main/AndroidManifest.xml:4:22-64
13    <uses-permission android:name="android.permission.VIBRATE" />
13-->src/main/AndroidManifest.xml:5:5-65
13-->src/main/AndroidManifest.xml:5:22-63
14    <uses-permission android:name="android.permission.ACCESS_WIFI_STATE" />
14-->[com.facebook.flipper:flipper:0.54.0] AndroidManifest.xml:16:5-76
14-->[com.facebook.flipper:flipper:0.54.0] AndroidManifest.xml:16:22-73
15    <uses-permission android:name="android.permission.USE_BIOMETRIC" />
15-->[:react-native-biometrics] AndroidManifest.xml:9:5-72
15-->[:react-native-biometrics] AndroidManifest.xml:9:22-69
16    <uses-permission android:name="android.permission.USE_FINGERPRINT" /> <!-- Required to access Google Play Licensing -->
16-->[:react-native-biometrics] AndroidManifest.xml:10:5-74
16-->[:react-native-biometrics] AndroidManifest.xml:10:22-71
17    <uses-permission android:name="com.android.vending.CHECK_LICENSE" />
17-->[:rn-fetch-blob] AndroidManifest.xml:12:5-73
17-->[:rn-fetch-blob] AndroidManifest.xml:12:22-70
18    <!--
19         Required to keep CPU alive while downloading files
20        (NOT to keep screen awake)
21    -->
22    <uses-permission android:name="android.permission.WAKE_LOCK" />
22-->[:rn-fetch-blob] AndroidManifest.xml:21:5-68
22-->[:rn-fetch-blob] AndroidManifest.xml:21:22-65
23    <!--
24         Required to poll the state of the network connection
25        and respond to changes
26    -->
27    <uses-permission android:name="android.permission.ACCESS_NETWORK_STATE" /> <!-- Required to read and write the expansion files on shared storage -->
27-->[:rn-fetch-blob] AndroidManifest.xml:27:5-79
27-->[:rn-fetch-blob] AndroidManifest.xml:27:22-76
28    <uses-permission android:name="android.permission.WRITE_EXTERNAL_STORAGE" />
28-->[:rn-fetch-blob] AndroidManifest.xml:33:5-81
28-->[:rn-fetch-blob] AndroidManifest.xml:33:22-78
29
30    <application
30-->src/main/AndroidManifest.xml:6:5-25:19
31        android:name="com.opay.MainApplication"
31-->src/main/AndroidManifest.xml:7:7-38
32        android:allowBackup="false"
32-->src/main/AndroidManifest.xml:11:7-34
33        android:appComponentFactory="androidx.core.app.CoreComponentFactory"
33-->[androidx.core:core:1.3.1] AndroidManifest.xml:24:18-86
34        android:debuggable="true"
35        android:icon="@mipmap/icon"
35-->src/main/AndroidManifest.xml:9:7-34
36        android:label="@string/app_name"
36-->src/main/AndroidManifest.xml:8:7-39
37        android:roundIcon="@mipmap/icon"
37-->src/main/AndroidManifest.xml:10:7-39
38        android:theme="@style/AppTheme"
38-->src/main/AndroidManifest.xml:12:7-38
39        android:usesCleartextTraffic="true" >
39-->src/debug/AndroidManifest.xml:7:18-53
40        <activity
40-->src/main/AndroidManifest.xml:13:7-23:18
41            android:name="com.opay.MainActivity"
41-->src/main/AndroidManifest.xml:14:9-37
42            android:configChanges="keyboard|keyboardHidden|orientation|screenSize|uiMode"
42-->src/main/AndroidManifest.xml:16:9-86
43            android:label="@string/app_name"
43-->src/main/AndroidManifest.xml:15:9-41
44            android:launchMode="singleTask"
44-->src/main/AndroidManifest.xml:17:9-40
45            android:windowSoftInputMode="adjustResize" >
45-->src/main/AndroidManifest.xml:18:9-51
46            <intent-filter>
46-->src/main/AndroidManifest.xml:19:9-22:25
47                <action android:name="android.intent.action.MAIN" />
47-->src/main/AndroidManifest.xml:20:13-65
47-->src/main/AndroidManifest.xml:20:21-62
48
49                <category android:name="android.intent.category.LAUNCHER" />
49-->src/main/AndroidManifest.xml:21:13-73
49-->src/main/AndroidManifest.xml:21:23-70
50            </intent-filter>
51        </activity>
52        <activity android:name="com.facebook.react.devsupport.DevSettingsActivity" />
52-->src/main/AndroidManifest.xml:24:7-84
52-->src/main/AndroidManifest.xml:24:17-81
53
54        <provider
54-->[:rn-fetch-blob] AndroidManifest.xml:36:9-44:20
55            android:name="com.RNFetchBlob.Utils.FileProvider"
55-->[:rn-fetch-blob] AndroidManifest.xml:37:13-62
56            android:authorities="com.opay.provider"
56-->[:rn-fetch-blob] AndroidManifest.xml:38:13-60
57            android:exported="false"
57-->[:rn-fetch-blob] AndroidManifest.xml:39:13-37
58            android:grantUriPermissions="true" >
58-->[:rn-fetch-blob] AndroidManifest.xml:40:13-47
59            <meta-data
59-->[:rn-fetch-blob] AndroidManifest.xml:41:13-43:58
60                android:name="android.support.FILE_PROVIDER_PATHS"
60-->[:rn-fetch-blob] AndroidManifest.xml:42:17-67
61                android:resource="@xml/provider_paths" />
61-->[:rn-fetch-blob] AndroidManifest.xml:43:17-55
62        </provider>
63
64        <activity
64-->[androidx.biometric:biometric:1.0.1] AndroidManifest.xml:28:9-31:67
65            android:name="androidx.biometric.DeviceCredentialHandlerActivity"
65-->[androidx.biometric:biometric:1.0.1] AndroidManifest.xml:29:13-78
66            android:exported="true"
66-->[androidx.biometric:biometric:1.0.1] AndroidManifest.xml:30:13-36
67            android:theme="@style/DeviceCredentialHandlerTheme" />
67-->[androidx.biometric:biometric:1.0.1] AndroidManifest.xml:31:13-64
68    </application>
69
70</manifest>